<?xml version="1.0" encoding="UTF-8"?>
<testng-results skipped="0" failed="0" ignored="0" total="2" passed="2">
  <reporter-output>
    <line>
      <![CDATA[Test1 Suite Execution is start Sat Jul 18 15:21:53 IST 2020]]>
    </line>
    <line>
      <![CDATA[Chrome Browser Launch]]>
    </line>
    <line>
      <![CDATA[URL is Navigated]]>
    </line>
    <line>
      <![CDATA[Home Page Title is verified]]>
    </line>
    <line>
      <![CDATA[validLogin Script Result is passed]]>
    </line>
    <line>
      <![CDATA[Browser is closed]]>
    </line>
    <line>
      <![CDATA[Chrome Browser Launch]]>
    </line>
    <line>
      <![CDATA[URL is Navigated]]>
    </line>
    <line>
      <![CDATA[Invalid Login Message is verified]]>
    </line>
    <line>
      <![CDATA[invalidLogin Script Result is passed]]>
    </line>
    <line>
      <![CDATA[Browser is closed]]>
    </line>
  </reporter-output>
  <suite name="Suite" duration-ms="31935" started-at="2020-07-18T15:21:53 IST" finished-at="2020-07-18T15:22:24 IST">
    <groups>
    </groups>
    <test name="Test1" duration-ms="31935" started-at="2020-07-18T15:21:53 IST" finished-at="2020-07-18T15:22:24 IST">
      <class name="com.actitime.scripts.LoginTest">
        <test-method status="PASS" signature="preCond(java.lang.String, java.lang.String)[pri:0, instance:com.actitime.scripts.LoginTest@1f554b06]" name="preCond" is-config="true" duration-ms="15718" started-at="2020-07-18T15:21:53 IST" finished-at="2020-07-18T15:22:08 IST">
          <params>
            <param index="0">
              <value>
                <![CDATA[chrome]]>
              </value>
            </param>
            <param index="1">
              <value>
                <![CDATA[http://127.0.0.1/login.do]]>
              </value>
            </param>
          </params>
          <reporter-output>
            <line>
              <![CDATA[Chrome Browser Launch]]>
            </line>
            <line>
              <![CDATA[URL is Navigated]]>
            </line>
          </reporter-output>
        </test-method> <!-- preCond -->
        <test-method status="PASS" signature="validLogin()[pri:1, instance:com.actitime.scripts.LoginTest@1f554b06]" name="validLogin" duration-ms="6870" started-at="2020-07-18T15:22:08 IST" finished-at="2020-07-18T15:22:15 IST">
          <reporter-output>
            <line>
              <![CDATA[Home Page Title is verified]]>
            </line>
            <line>
              <![CDATA[validLogin Script Result is passed]]>
            </line>
          </reporter-output>
        </test-method> <!-- validLogin -->
        <test-method status="PASS" signature="postCond()[pri:0, instance:com.actitime.scripts.LoginTest@1f554b06]" name="postCond" is-config="true" duration-ms="887" started-at="2020-07-18T15:22:15 IST" finished-at="2020-07-18T15:22:16 IST">
          <reporter-output>
            <line>
              <![CDATA[Browser is closed]]>
            </line>
          </reporter-output>
        </test-method> <!-- postCond -->
        <test-method status="PASS" signature="preCond(java.lang.String, java.lang.String)[pri:0, instance:com.actitime.scripts.LoginTest@1f554b06]" name="preCond" is-config="true" duration-ms="6598" started-at="2020-07-18T15:22:16 IST" finished-at="2020-07-18T15:22:23 IST">
          <params>
            <param index="0">
              <value>
                <![CDATA[chrome]]>
              </value>
            </param>
            <param index="1">
              <value>
                <![CDATA[http://127.0.0.1/login.do]]>
              </value>
            </param>
          </params>
          <reporter-output>
            <line>
              <![CDATA[Chrome Browser Launch]]>
            </line>
            <line>
              <![CDATA[URL is Navigated]]>
            </line>
          </reporter-output>
        </test-method> <!-- preCond -->
        <test-method status="PASS" signature="invalidLogin()[pri:2, instance:com.actitime.scripts.LoginTest@1f554b06]" name="invalidLogin" duration-ms="1065" started-at="2020-07-18T15:22:23 IST" finished-at="2020-07-18T15:22:24 IST">
          <reporter-output>
            <line>
              <![CDATA[Invalid Login Message is verified]]>
            </line>
            <line>
              <![CDATA[invalidLogin Script Result is passed]]>
            </line>
          </reporter-output>
        </test-method> <!-- invalidLogin -->
        <test-method status="PASS" signature="postCond()[pri:0, instance:com.actitime.scripts.LoginTest@1f554b06]" name="postCond" is-config="true" duration-ms="649" started-at="2020-07-18T15:22:24 IST" finished-at="2020-07-18T15:22:24 IST">
          <reporter-output>
            <line>
              <![CDATA[Browser is closed]]>
            </line>
          </reporter-output>
        </test-method> <!-- postCond -->
      </class> <!-- com.actitime.scripts.LoginTest -->
    </test> <!-- Test1 -->
  </suite> <!-- Suite -->
</testng-results>
